# JRE version: OpenJDK Runtime Environment Temurin-17.0.13+11 (17.0.13+11) (build 17.0.13+11)
# Java VM: OpenJDK 64-Bit Server VM Temurin-17.0.13+11 (17.0.13+11, mixed mode, emulated-client, tiered, compressed oops, compressed class ptrs, g1 gc, windows-amd64)
GC Precious Log:
 CPUs: 8 total, 8 available
 Memory: 8042M
 Large Page Support: Disabled
 NUMA Support: Disabled
 Compressed Oops: Enabled (32-bit)
 Heap Region Size: 1M
 Heap Min Capacity: 8M
 Heap Initial Capacity: 126M
 Heap Max Capacity: 1G
 Pre-touch: Disabled
 Parallel Workers: 8
 Concurrent Workers: 2
 Concurrent Refinement Workers: 8
 Periodic GC: Disabled
Heap:
 garbage-first heap   total 119808K, used 47892K [0x00000000c0000000, 0x0000000100000000)
  region size 1024K, 1 young (1024K), 0 survivors (0K)
 Metaspace       used 68171K, committed 68736K, reserved 1114112K
  class space    used 8988K, committed 9280K, reserved 1048576K
GC Heap History (20 events):
Event: 32618.616 GC heap after
{Heap after GC invocations=2937 (full 1800):
 garbage-first heap   total 119808K, used 47998K [0x00000000c0000000, 0x0000000100000000)
  region size 1024K, 0 young (0K), 0 survivors (0K)
 Metaspace       used 68171K, committed 68736K, reserved 1114112K
  class space    used 8988K, committed 9280K, reserved 1048576K
}
Event: 32628.815 GC heap before
{Heap before GC invocations=2937 (full 1800):
 garbage-first heap   total 119808K, used 47998K [0x00000000c0000000, 0x0000000100000000)
  region size 1024K, 1 young (1024K), 0 survivors (0K)
 Metaspace       used 68171K, committed 68736K, reserved 1114112K
  class space    used 8988K, committed 9280K, reserved 1048576K
}
Event: 32628.886 GC heap after
{Heap after GC invocations=2938 (full 1801):
 garbage-first heap   total 119808K, used 47998K [0x00000000c0000000, 0x0000000100000000)
  region size 1024K, 0 young (0K), 0 survivors (0K)
 Metaspace       used 68171K, committed 68736K, reserved 1114112K
  class space    used 8988K, committed 9280K, reserved 1048576K
}
Event: 32639.016 GC heap before
{Heap before GC invocations=2938 (full 1801):
 garbage-first heap   total 119808K, used 47998K [0x00000000c0000000, 0x0000000100000000)
  region size 1024K, 1 young (1024K), 0 survivors (0K)
 Metaspace       used 68171K, committed 68736K, reserved 1114112K
  class space    used 8988K, committed 9280K, reserved 1048576K
}
Event: 32639.080 GC heap after
{Heap after GC invocations=2939 (full 1802):
 garbage-first heap   total 119808K, used 47850K [0x00000000c0000000, 0x0000000100000000)
  region size 1024K, 0 young (0K), 0 survivors (0K)
 Metaspace       used 68171K, committed 68736K, reserved 1114112K
  class space    used 8988K, committed 9280K, reserved 1048576K
}
Event: 32649.325 GC heap before
{Heap before GC invocations=2939 (full 1802):
 garbage-first heap   total 119808K, used 47850K [0x00000000c0000000, 0x0000000100000000)
  region size 1024K, 1 young (1024K), 0 survivors (0K)
 Metaspace       used 68171K, committed 68736K, reserved 1114112K
  class space    used 8988K, committed 9280K, reserved 1048576K
}
Event: 32649.389 GC heap after
{Heap after GC invocations=2940 (full 1803):
 garbage-first heap   total 119808K, used 47850K [0x00000000c0000000, 0x0000000100000000)
  region size 1024K, 0 young (0K), 0 survivors (0K)
 Metaspace       used 68171K, committed 68736K, reserved 1114112K
  class space    used 8988K, committed 9280K, reserved 1048576K
}
Event: 32657.836 GC heap before
{Heap before GC invocations=2940 (full 1803):
 garbage-first heap   total 119808K, used 101098K [0x00000000c0000000, 0x0000000100000000)
  region size 1024K, 52 young (53248K), 0 survivors (0K)
 Metaspace       used 68171K, committed 68736K, reserved 1114112K
  class space    used 8988K, committed 9280K, reserved 1048576K
}
Event: 32657.839 GC heap after
{Heap after GC invocations=2941 (full 1803):
 garbage-first heap   total 119808K, used 49651K [0x00000000c0000000, 0x0000000100000000)
  region size 1024K, 2 young (2048K), 2 survivors (2048K)
 Metaspace       used 68171K, committed 68736K, reserved 1114112K
  class space    used 8988K, committed 9280K, reserved 1048576K
}
Event: 32660.036 GC heap before
{Heap before GC invocations=2941 (full 1803):
 garbage-first heap   total 119808K, used 100851K [0x00000000c0000000, 0x0000000100000000)
  region size 1024K, 52 young (53248K), 2 survivors (2048K)
 Metaspace       used 68171K, committed 68736K, reserved 1114112K
  class space    used 8988K, committed 9280K, reserved 1048576K
}
Event: 32660.038 GC heap after
{Heap after GC invocations=2942 (full 1803):
 garbage-first heap   total 119808K, used 48696K [0x00000000c0000000, 0x0000000100000000)
  region size 1024K, 1 young (1024K), 1 survivors (1024K)
 Metaspace       used 68171K, committed 68736K, reserved 1114112K
  class space    used 8988K, committed 9280K, reserved 1048576K
}
Event: 32664.654 GC heap before
{Heap before GC invocations=2942 (full 1803):
 garbage-first heap   total 119808K, used 101944K [0x00000000c0000000, 0x0000000100000000)
  region size 1024K, 53 young (54272K), 1 survivors (1024K)
 Metaspace       used 68171K, committed 68736K, reserved 1114112K
  class space    used 8988K, committed 9280K, reserved 1048576K
}
Event: 32664.657 GC heap after
{Heap after GC invocations=2943 (full 1803):
 garbage-first heap   total 119808K, used 49174K [0x00000000c0000000, 0x0000000100000000)
  region size 1024K, 2 young (2048K), 2 survivors (2048K)
 Metaspace       used 68171K, committed 68736K, reserved 1114112K
  class space    used 8988K, committed 9280K, reserved 1048576K
}
Event: 32693.658 GC heap before
{Heap before GC invocations=2943 (full 1803):
 garbage-first heap   total 119808K, used 101398K [0x00000000c0000000, 0x0000000100000000)
  region size 1024K, 53 young (54272K), 2 survivors (2048K)
 Metaspace       used 68171K, committed 68736K, reserved 1114112K
  class space    used 8988K, committed 9280K, reserved 1048576K
}
Event: 32693.659 GC heap after
{Heap after GC invocations=2944 (full 1803):
 garbage-first heap   total 119808K, used 48668K [0x00000000c0000000, 0x0000000100000000)
  region size 1024K, 1 young (1024K), 1 survivors (1024K)
 Metaspace       used 68171K, committed 68736K, reserved 1114112K
  class space    used 8988K, committed 9280K, reserved 1048576K
}
Event: 32696.484 GC heap before
{Heap before GC invocations=2944 (full 1803):
 garbage-first heap   total 119808K, used 100892K [0x00000000c0000000, 0x0000000100000000)
  region size 1024K, 53 young (54272K), 1 survivors (1024K)
 Metaspace       used 68171K, committed 68736K, reserved 1114112K
  class space    used 8988K, committed 9280K, reserved 1048576K
}
Event: 32696.487 GC heap after
{Heap after GC invocations=2945 (full 1803):
 garbage-first heap   total 119808K, used 49521K [0x00000000c0000000, 0x0000000100000000)
  region size 1024K, 2 young (2048K), 2 survivors (2048K)
 Metaspace       used 68171K, committed 68736K, reserved 1114112K
  class space    used 8988K, committed 9280K, reserved 1048576K
}
Event: 32779.621 GC heap before
{Heap before GC invocations=2945 (full 1803):
 garbage-first heap   total 119808K, used 84337K [0x00000000c0000000, 0x0000000100000000)
  region size 1024K, 37 young (37888K), 2 survivors (2048K)
 Metaspace       used 68171K, committed 68736K, reserved 1114112K
  class space    used 8988K, committed 9280K, reserved 1048576K
}
Event: 32779.667 GC heap after
{Heap after GC invocations=2946 (full 1804):
 garbage-first heap   total 119808K, used 47892K [0x00000000c0000000, 0x0000000100000000)
  region size 1024K, 0 young (0K), 0 survivors (0K)
 Metaspace       used 68171K, committed 68736K, reserved 1114112K
  class space    used 8988K, committed 9280K, reserved 1048576K
}
Event: 32789.743 GC heap before
{Heap before GC invocations=2946 (full 1804):
 garbage-first heap   total 119808K, used 47892K [0x00000000c0000000, 0x0000000100000000)
  region size 1024K, 1 young (1024K), 0 survivors (0K)
 Metaspace       used 68171K, committed 68736K, reserved 1114112K
  class space    used 8988K, committed 9280K, reserved 1048576K
}

