# JRE version: OpenJDK Runtime Environment Temurin-17.0.13+11 (17.0.13+11) (build 17.0.13+11)
# Java VM: OpenJDK 64-Bit Server VM Temurin-17.0.13+11 (17.0.13+11, mixed mode, emulated-client, tiered, compressed oops, compressed class ptrs, g1 gc, windows-amd64)
GC Precious Log:
 CPUs: 8 total, 8 available
 Memory: 8042M
 Large Page Support: Disabled
 NUMA Support: Disabled
 Compressed Oops: Enabled (32-bit)
 Heap Region Size: 1M
 Heap Min Capacity: 8M
 Heap Initial Capacity: 126M
 Heap Max Capacity: 1G
 Pre-touch: Disabled
 Parallel Workers: 8
 Concurrent Workers: 2
 Concurrent Refinement Workers: 8
 Periodic GC: Disabled
Heap:
 garbage-first heap   total 133120K, used 39363K [0x00000000c0000000, 0x0000000100000000)
  region size 1024K, 1 young (1024K), 0 survivors (0K)
 Metaspace       used 62472K, committed 62976K, reserved 1114112K
  class space    used 7647K, committed 7872K, reserved 1048576K
GC Heap History (20 events):
Event: 45631.344 GC heap after
{Heap after GC invocations=1762 (full 1055):
 garbage-first heap   total 133120K, used 39363K [0x00000000c0000000, 0x0000000100000000)
  region size 1024K, 0 young (0K), 0 survivors (0K)
 Metaspace       used 62472K, committed 62976K, reserved 1114112K
  class space    used 7647K, committed 7872K, reserved 1048576K
}
Event: 45641.449 GC heap before
{Heap before GC invocations=1762 (full 1055):
 garbage-first heap   total 133120K, used 39363K [0x00000000c0000000, 0x0000000100000000)
  region size 1024K, 1 young (1024K), 0 survivors (0K)
 Metaspace       used 62472K, committed 62976K, reserved 1114112K
  class space    used 7647K, committed 7872K, reserved 1048576K
}
Event: 45641.484 GC heap after
{Heap after GC invocations=1763 (full 1056):
 garbage-first heap   total 133120K, used 39363K [0x00000000c0000000, 0x0000000100000000)
  region size 1024K, 0 young (0K), 0 survivors (0K)
 Metaspace       used 62472K, committed 62976K, reserved 1114112K
  class space    used 7647K, committed 7872K, reserved 1048576K
}
Event: 45651.659 GC heap before
{Heap before GC invocations=1763 (full 1056):
 garbage-first heap   total 133120K, used 39363K [0x00000000c0000000, 0x0000000100000000)
  region size 1024K, 1 young (1024K), 0 survivors (0K)
 Metaspace       used 62472K, committed 62976K, reserved 1114112K
  class space    used 7647K, committed 7872K, reserved 1048576K
}
Event: 45651.701 GC heap after
{Heap after GC invocations=1764 (full 1057):
 garbage-first heap   total 133120K, used 39363K [0x00000000c0000000, 0x0000000100000000)
  region size 1024K, 0 young (0K), 0 survivors (0K)
 Metaspace       used 62472K, committed 62976K, reserved 1114112K
  class space    used 7647K, committed 7872K, reserved 1048576K
}
Event: 45661.791 GC heap before
{Heap before GC invocations=1764 (full 1057):
 garbage-first heap   total 133120K, used 39363K [0x00000000c0000000, 0x0000000100000000)
  region size 1024K, 1 young (1024K), 0 survivors (0K)
 Metaspace       used 62472K, committed 62976K, reserved 1114112K
  class space    used 7647K, committed 7872K, reserved 1048576K
}
Event: 45661.819 GC heap after
{Heap after GC invocations=1765 (full 1058):
 garbage-first heap   total 133120K, used 39363K [0x00000000c0000000, 0x0000000100000000)
  region size 1024K, 0 young (0K), 0 survivors (0K)
 Metaspace       used 62472K, committed 62976K, reserved 1114112K
  class space    used 7647K, committed 7872K, reserved 1048576K
}
Event: 45671.907 GC heap before
{Heap before GC invocations=1765 (full 1058):
 garbage-first heap   total 133120K, used 39363K [0x00000000c0000000, 0x0000000100000000)
  region size 1024K, 1 young (1024K), 0 survivors (0K)
 Metaspace       used 62472K, committed 62976K, reserved 1114112K
  class space    used 7647K, committed 7872K, reserved 1048576K
}
Event: 45671.936 GC heap after
{Heap after GC invocations=1766 (full 1059):
 garbage-first heap   total 133120K, used 39363K [0x00000000c0000000, 0x0000000100000000)
  region size 1024K, 0 young (0K), 0 survivors (0K)
 Metaspace       used 62472K, committed 62976K, reserved 1114112K
  class space    used 7647K, committed 7872K, reserved 1048576K
}
Event: 45682.026 GC heap before
{Heap before GC invocations=1766 (full 1059):
 garbage-first heap   total 133120K, used 39363K [0x00000000c0000000, 0x0000000100000000)
  region size 1024K, 1 young (1024K), 0 survivors (0K)
 Metaspace       used 62472K, committed 62976K, reserved 1114112K
  class space    used 7647K, committed 7872K, reserved 1048576K
}
Event: 45682.059 GC heap after
{Heap after GC invocations=1767 (full 1060):
 garbage-first heap   total 133120K, used 39363K [0x00000000c0000000, 0x0000000100000000)
  region size 1024K, 0 young (0K), 0 survivors (0K)
 Metaspace       used 62472K, committed 62976K, reserved 1114112K
  class space    used 7647K, committed 7872K, reserved 1048576K
}
Event: 45692.149 GC heap before
{Heap before GC invocations=1767 (full 1060):
 garbage-first heap   total 133120K, used 39363K [0x00000000c0000000, 0x0000000100000000)
  region size 1024K, 1 young (1024K), 0 survivors (0K)
 Metaspace       used 62472K, committed 62976K, reserved 1114112K
  class space    used 7647K, committed 7872K, reserved 1048576K
}
Event: 45692.180 GC heap after
{Heap after GC invocations=1768 (full 1061):
 garbage-first heap   total 133120K, used 39363K [0x00000000c0000000, 0x0000000100000000)
  region size 1024K, 0 young (0K), 0 survivors (0K)
 Metaspace       used 62472K, committed 62976K, reserved 1114112K
  class space    used 7647K, committed 7872K, reserved 1048576K
}
Event: 45702.280 GC heap before
{Heap before GC invocations=1768 (full 1061):
 garbage-first heap   total 133120K, used 39363K [0x00000000c0000000, 0x0000000100000000)
  region size 1024K, 1 young (1024K), 0 survivors (0K)
 Metaspace       used 62472K, committed 62976K, reserved 1114112K
  class space    used 7647K, committed 7872K, reserved 1048576K
}
Event: 45702.326 GC heap after
{Heap after GC invocations=1769 (full 1062):
 garbage-first heap   total 133120K, used 39363K [0x00000000c0000000, 0x0000000100000000)
  region size 1024K, 0 young (0K), 0 survivors (0K)
 Metaspace       used 62472K, committed 62976K, reserved 1114112K
  class space    used 7647K, committed 7872K, reserved 1048576K
}
Event: 45712.432 GC heap before
{Heap before GC invocations=1769 (full 1062):
 garbage-first heap   total 133120K, used 39363K [0x00000000c0000000, 0x0000000100000000)
  region size 1024K, 1 young (1024K), 0 survivors (0K)
 Metaspace       used 62472K, committed 62976K, reserved 1114112K
  class space    used 7647K, committed 7872K, reserved 1048576K
}
Event: 45712.467 GC heap after
{Heap after GC invocations=1770 (full 1063):
 garbage-first heap   total 133120K, used 39363K [0x00000000c0000000, 0x0000000100000000)
  region size 1024K, 0 young (0K), 0 survivors (0K)
 Metaspace       used 62472K, committed 62976K, reserved 1114112K
  class space    used 7647K, committed 7872K, reserved 1048576K
}
Event: 45722.602 GC heap before
{Heap before GC invocations=1770 (full 1063):
 garbage-first heap   total 133120K, used 39363K [0x00000000c0000000, 0x0000000100000000)
  region size 1024K, 1 young (1024K), 0 survivors (0K)
 Metaspace       used 62472K, committed 62976K, reserved 1114112K
  class space    used 7647K, committed 7872K, reserved 1048576K
}
Event: 45722.637 GC heap after
{Heap after GC invocations=1771 (full 1064):
 garbage-first heap   total 133120K, used 39363K [0x00000000c0000000, 0x0000000100000000)
  region size 1024K, 0 young (0K), 0 survivors (0K)
 Metaspace       used 62472K, committed 62976K, reserved 1114112K
  class space    used 7647K, committed 7872K, reserved 1048576K
}
Event: 45732.779 GC heap before
{Heap before GC invocations=1771 (full 1064):
 garbage-first heap   total 133120K, used 39363K [0x00000000c0000000, 0x0000000100000000)
  region size 1024K, 1 young (1024K), 0 survivors (0K)
 Metaspace       used 62472K, committed 62976K, reserved 1114112K
  class space    used 7647K, committed 7872K, reserved 1048576K
}

